2021-01-04 07:03:23: There was unwanted activity during the Photo Engine process (probably generated by another plugin). Request: /?wplr-sync-api. The output which was caught will follow.
<br />
<font size='1'><table class='xdebug-error xe-notice' dir='ltr' border='1' cellspacing='0' cellpadding='1'>
<tr><th align='left' bgcolor='#f57900' colspan="5"><span style='background-color: #cc0000; color: #fce94f; font-size: x-large;'>( ! )</span> Notice: Undefined property: stdClass::$type in /Users/meow/Documents/Coding/plugins/wplr-sync/wordpress/classes/core.php on line <i>1400</i></th></tr>
<tr><th align='left' bgcolor='#e9b96e' colspan='5'>Call Stack</th></tr>
<tr><th align='center' bgcolor='#eeeeec'>#</th><th align='left' bgcolor='#eeeeec'>Time</th><th align='left' bgcolor='#eeeeec'>Memory</th><th align='left' bgcolor='#eeeeec'>Function</th><th align='left' bgcolor='#eeeeec'>Location</th></tr>
<tr><td bgcolor='#eeeeec' align='center'>1</td><td bgcolor='#eeeeec' align='center'>0.0001</td><td bgcolor='#eeeeec' align='right'>406840</td><td bgcolor='#eeeeec'>{main}(  )</td><td title='/Users/meow/Local Sites/wplr-sync/app/public/index.php' bgcolor='#eeeeec'>.../index.php<b>:</b>0</td></tr>
<tr><td bgcolor='#eeeeec' align='center'>2</td><td bgcolor='#eeeeec' align='center'>0.0001</td><td bgcolor='#eeeeec' align='right'>407112</td><td bgcolor='#eeeeec'>require( <font color='#00bb00'>'/Users/meow/Local Sites/wplr-sync/app/public/wp-blog-header.php'</font> )</td><td title='/Users/meow/Local Sites/wplr-sync/app/public/index.php' bgcolor='#eeeeec'>.../index.php<b>:</b>17</td></tr>
<tr><td bgcolor='#eeeeec' align='center'>3</td><td bgcolor='#eeeeec' align='center'>0.0001</td><td bgcolor='#eeeeec' align='right'>407656</td><td bgcolor='#eeeeec'>require_once( <font color='#00bb00'>'/Users/meow/Local Sites/wplr-sync/app/public/wp-load.php'</font> )</td><td title='/Users/meow/Local Sites/wplr-sync/app/public/wp-blog-header.php' bgcolor='#eeeeec'>.../wp-blog-header.php<b>:</b>13</td></tr>
<tr><td bgcolor='#eeeeec' align='center'>4</td><td bgcolor='#eeeeec' align='center'>0.0002</td><td bgcolor='#eeeeec' align='right'>408096</td><td bgcolor='#eeeeec'>require_once( <font color='#00bb00'>'/Users/meow/Local Sites/wplr-sync/app/public/wp-config.php'</font> )</td><td title='/Users/meow/Local Sites/wplr-sync/app/public/wp-load.php' bgcolor='#eeeeec'>.../wp-load.php<b>:</b>37</td></tr>
<tr><td bgcolor='#eeeeec' align='center'>5</td><td bgcolor='#eeeeec' align='center'>0.0002</td><td bgcolor='#eeeeec' align='right'>412824</td><td bgcolor='#eeeeec'>require_once( <font color='#00bb00'>'/Users/meow/Local Sites/wplr-sync/app/public/wp-settings.php'</font> )</td><td title='/Users/meow/Local Sites/wplr-sync/app/public/wp-config.php' bgcolor='#eeeeec'>.../wp-config.php<b>:</b>76</td></tr>
<tr><td bgcolor='#eeeeec' align='center'>6</td><td bgcolor='#eeeeec' align='center'>0.0350</td><td bgcolor='#eeeeec' align='right'>3271840</td><td bgcolor='#eeeeec'>do_action(  )</td><td title='/Users/meow/Local Sites/wplr-sync/app/public/wp-settings.php' bgcolor='#eeeeec'>.../wp-settings.php<b>:</b>557</td></tr>
<tr><td bgcolor='#eeeeec' align='center'>7</td><td bgcolor='#eeeeec' align='center'>0.0350</td><td bgcolor='#eeeeec' align='right'>3272216</td><td bgcolor='#eeeeec'>WP_Hook->do_action(  )</td><td title='/Users/meow/Local Sites/wplr-sync/app/public/wp-includes/plugin.php' bgcolor='#eeeeec'>.../plugin.php<b>:</b>484</td></tr>
<tr><td bgcolor='#eeeeec' align='center'>8</td><td bgcolor='#eeeeec' align='center'>0.0350</td><td bgcolor='#eeeeec' align='right'>3272216</td><td bgcolor='#eeeeec'>WP_Hook->apply_filters(  )</td><td title='/Users/meow/Local Sites/wplr-sync/app/public/wp-includes/class-wp-hook.php' bgcolor='#eeeeec'>.../class-wp-hook.php<b>:</b>311</td></tr>
<tr><td bgcolor='#eeeeec' align='center'>9</td><td bgcolor='#eeeeec' align='center'>0.0666</td><td bgcolor='#eeeeec' align='right'>4536744</td><td bgcolor='#eeeeec'>Meow_WPLR_Sync_API->handleRequest(  )</td><td title='/Users/meow/Local Sites/wplr-sync/app/public/wp-includes/class-wp-hook.php' bgcolor='#eeeeec'>.../class-wp-hook.php<b>:</b>285</td></tr>
<tr><td bgcolor='#eeeeec' align='center'>10</td><td bgcolor='#eeeeec' align='center'>0.0698</td><td bgcolor='#eeeeec' align='right'>4592984</td><td bgcolor='#eeeeec'>Meow_WPLR_Sync_API->sync_collection(  )</td><td title='/Users/meow/Documents/Coding/plugins/wplr-sync/wordpress/classes/api.php' bgcolor='#eeeeec'>.../api.php<b>:</b>61</td></tr>
<tr><td bgcolor='#eeeeec' align='center'>11</td><td bgcolor='#eeeeec' align='center'>0.0699</td><td bgcolor='#eeeeec' align='right'>4592984</td><td bgcolor='#eeeeec'>Meow_WPLR_Sync_Core->sync_collection(  )</td><td title='/Users/meow/Documents/Coding/plugins/wplr-sync/wordpress/classes/api.php' bgcolor='#eeeeec'>.../api.php<b>:</b>254</td></tr>
<tr><td bgcolor='#eeeeec' align='center'>12</td><td bgcolor='#eeeeec' align='center'>0.0702</td><td bgcolor='#eeeeec' align='right'>4594288</td><td bgcolor='#eeeeec'>Meow_WPLR_Sync_Core->move_collection(  )</td><td title='/Users/meow/Documents/Coding/plugins/wplr-sync/wordpress/classes/core.php' bgcolor='#eeeeec'>.../core.php<b>:</b>1429</td></tr>
</table></font>

2021-01-04 07:04:34: There was unwanted activity during the Photo Engine process (probably generated by another plugin). Request: /?wplr-sync-api. The output which was caught will follow.
<br />
<font size='1'><table class='xdebug-error xe-notice' dir='ltr' border='1' cellspacing='0' cellpadding='1'>
<tr><th align='left' bgcolor='#f57900' colspan="5"><span style='background-color: #cc0000; color: #fce94f; font-size: x-large;'>( ! )</span> Notice: Undefined property: stdClass::$type in /Users/meow/Documents/Coding/plugins/wplr-sync/wordpress/classes/core.php on line <i>1400</i></th></tr>
<tr><th align='left' bgcolor='#e9b96e' colspan='5'>Call Stack</th></tr>
<tr><th align='center' bgcolor='#eeeeec'>#</th><th align='left' bgcolor='#eeeeec'>Time</th><th align='left' bgcolor='#eeeeec'>Memory</th><th align='left' bgcolor='#eeeeec'>Function</th><th align='left' bgcolor='#eeeeec'>Location</th></tr>
<tr><td bgcolor='#eeeeec' align='center'>1</td><td bgcolor='#eeeeec' align='center'>0.0001</td><td bgcolor='#eeeeec' align='right'>406904</td><td bgcolor='#eeeeec'>{main}(  )</td><td title='/Users/meow/Local Sites/wplr-sync/app/public/index.php' bgcolor='#eeeeec'>.../index.php<b>:</b>0</td></tr>
<tr><td bgcolor='#eeeeec' align='center'>2</td><td bgcolor='#eeeeec' align='center'>0.0002</td><td bgcolor='#eeeeec' align='right'>407176</td><td bgcolor='#eeeeec'>require( <font color='#00bb00'>'/Users/meow/Local Sites/wplr-sync/app/public/wp-blog-header.php'</font> )</td><td title='/Users/meow/Local Sites/wplr-sync/app/public/index.php' bgcolor='#eeeeec'>.../index.php<b>:</b>17</td></tr>
<tr><td bgcolor='#eeeeec' align='center'>3</td><td bgcolor='#eeeeec' align='center'>0.0002</td><td bgcolor='#eeeeec' align='right'>407720</td><td bgcolor='#eeeeec'>require_once( <font color='#00bb00'>'/Users/meow/Local Sites/wplr-sync/app/public/wp-load.php'</font> )</td><td title='/Users/meow/Local Sites/wplr-sync/app/public/wp-blog-header.php' bgcolor='#eeeeec'>.../wp-blog-header.php<b>:</b>13</td></tr>
<tr><td bgcolor='#eeeeec' align='center'>4</td><td bgcolor='#eeeeec' align='center'>0.0002</td><td bgcolor='#eeeeec' align='right'>408160</td><td bgcolor='#eeeeec'>require_once( <font color='#00bb00'>'/Users/meow/Local Sites/wplr-sync/app/public/wp-config.php'</font> )</td><td title='/Users/meow/Local Sites/wplr-sync/app/public/wp-load.php' bgcolor='#eeeeec'>.../wp-load.php<b>:</b>37</td></tr>
<tr><td bgcolor='#eeeeec' align='center'>5</td><td bgcolor='#eeeeec' align='center'>0.0002</td><td bgcolor='#eeeeec' align='right'>412888</td><td bgcolor='#eeeeec'>require_once( <font color='#00bb00'>'/Users/meow/Local Sites/wplr-sync/app/public/wp-settings.php'</font> )</td><td title='/Users/meow/Local Sites/wplr-sync/app/public/wp-config.php' bgcolor='#eeeeec'>.../wp-config.php<b>:</b>76</td></tr>
<tr><td bgcolor='#eeeeec' align='center'>6</td><td bgcolor='#eeeeec' align='center'>0.0365</td><td bgcolor='#eeeeec' align='right'>3271904</td><td bgcolor='#eeeeec'>do_action(  )</td><td title='/Users/meow/Local Sites/wplr-sync/app/public/wp-settings.php' bgcolor='#eeeeec'>.../wp-settings.php<b>:</b>557</td></tr>
<tr><td bgcolor='#eeeeec' align='center'>7</td><td bgcolor='#eeeeec' align='center'>0.0365</td><td bgcolor='#eeeeec' align='right'>3272280</td><td bgcolor='#eeeeec'>WP_Hook->do_action(  )</td><td title='/Users/meow/Local Sites/wplr-sync/app/public/wp-includes/plugin.php' bgcolor='#eeeeec'>.../plugin.php<b>:</b>484</td></tr>
<tr><td bgcolor='#eeeeec' align='center'>8</td><td bgcolor='#eeeeec' align='center'>0.0365</td><td bgcolor='#eeeeec' align='right'>3272280</td><td bgcolor='#eeeeec'>WP_Hook->apply_filters(  )</td><td title='/Users/meow/Local Sites/wplr-sync/app/public/wp-includes/class-wp-hook.php' bgcolor='#eeeeec'>.../class-wp-hook.php<b>:</b>311</td></tr>
<tr><td bgcolor='#eeeeec' align='center'>9</td><td bgcolor='#eeeeec' align='center'>0.0677</td><td bgcolor='#eeeeec' align='right'>4536808</td><td bgcolor='#eeeeec'>Meow_WPLR_Sync_API->handleRequest(  )</td><td title='/Users/meow/Local Sites/wplr-sync/app/public/wp-includes/class-wp-hook.php' bgcolor='#eeeeec'>.../class-wp-hook.php<b>:</b>285</td></tr>
<tr><td bgcolor='#eeeeec' align='center'>10</td><td bgcolor='#eeeeec' align='center'>0.0710</td><td bgcolor='#eeeeec' align='right'>4593768</td><td bgcolor='#eeeeec'>Meow_WPLR_Sync_API->sync_collection(  )</td><td title='/Users/meow/Documents/Coding/plugins/wplr-sync/wordpress/classes/api.php' bgcolor='#eeeeec'>.../api.php<b>:</b>61</td></tr>
<tr><td bgcolor='#eeeeec' align='center'>11</td><td bgcolor='#eeeeec' align='center'>0.0710</td><td bgcolor='#eeeeec' align='right'>4593768</td><td bgcolor='#eeeeec'>Meow_WPLR_Sync_Core->sync_collection(  )</td><td title='/Users/meow/Documents/Coding/plugins/wplr-sync/wordpress/classes/api.php' bgcolor='#eeeeec'>.../api.php<b>:</b>254</td></tr>
<tr><td bgcolor='#eeeeec' align='center'>12</td><td bgcolor='#eeeeec' align='center'>0.0718</td><td bgcolor='#eeeeec' align='right'>4595096</td><td bgcolor='#eeeeec'>Meow_WPLR_Sync_Core->move_collection(  )</td><td title='/Users/meow/Documents/Coding/plugins/wplr-sync/wordpress/classes/core.php' bgcolor='#eeeeec'>.../core.php<b>:</b>1429</td></tr>
</table></font>

2021-01-04 07:05:24: There was unwanted activity during the Photo Engine process (probably generated by another plugin). Request: /?wplr-sync-api. The output which was caught will follow.
<br />
<font size='1'><table class='xdebug-error xe-notice' dir='ltr' border='1' cellspacing='0' cellpadding='1'>
<tr><th align='left' bgcolor='#f57900' colspan="5"><span style='background-color: #cc0000; color: #fce94f; font-size: x-large;'>( ! )</span> Notice: Undefined property: stdClass::$type in /Users/meow/Documents/Coding/plugins/wplr-sync/wordpress/classes/core.php on line <i>1402</i></th></tr>
<tr><th align='left' bgcolor='#e9b96e' colspan='5'>Call Stack</th></tr>
<tr><th align='center' bgcolor='#eeeeec'>#</th><th align='left' bgcolor='#eeeeec'>Time</th><th align='left' bgcolor='#eeeeec'>Memory</th><th align='left' bgcolor='#eeeeec'>Function</th><th align='left' bgcolor='#eeeeec'>Location</th></tr>
<tr><td bgcolor='#eeeeec' align='center'>1</td><td bgcolor='#eeeeec' align='center'>0.0001</td><td bgcolor='#eeeeec' align='right'>406840</td><td bgcolor='#eeeeec'>{main}(  )</td><td title='/Users/meow/Local Sites/wplr-sync/app/public/index.php' bgcolor='#eeeeec'>.../index.php<b>:</b>0</td></tr>
<tr><td bgcolor='#eeeeec' align='center'>2</td><td bgcolor='#eeeeec' align='center'>0.0002</td><td bgcolor='#eeeeec' align='right'>407112</td><td bgcolor='#eeeeec'>require( <font color='#00bb00'>'/Users/meow/Local Sites/wplr-sync/app/public/wp-blog-header.php'</font> )</td><td title='/Users/meow/Local Sites/wplr-sync/app/public/index.php' bgcolor='#eeeeec'>.../index.php<b>:</b>17</td></tr>
<tr><td bgcolor='#eeeeec' align='center'>3</td><td bgcolor='#eeeeec' align='center'>0.0002</td><td bgcolor='#eeeeec' align='right'>407656</td><td bgcolor='#eeeeec'>require_once( <font color='#00bb00'>'/Users/meow/Local Sites/wplr-sync/app/public/wp-load.php'</font> )</td><td title='/Users/meow/Local Sites/wplr-sync/app/public/wp-blog-header.php' bgcolor='#eeeeec'>.../wp-blog-header.php<b>:</b>13</td></tr>
<tr><td bgcolor='#eeeeec' align='center'>4</td><td bgcolor='#eeeeec' align='center'>0.0002</td><td bgcolor='#eeeeec' align='right'>408096</td><td bgcolor='#eeeeec'>require_once( <font color='#00bb00'>'/Users/meow/Local Sites/wplr-sync/app/public/wp-config.php'</font> )</td><td title='/Users/meow/Local Sites/wplr-sync/app/public/wp-load.php' bgcolor='#eeeeec'>.../wp-load.php<b>:</b>37</td></tr>
<tr><td bgcolor='#eeeeec' align='center'>5</td><td bgcolor='#eeeeec' align='center'>0.0002</td><td bgcolor='#eeeeec' align='right'>412824</td><td bgcolor='#eeeeec'>require_once( <font color='#00bb00'>'/Users/meow/Local Sites/wplr-sync/app/public/wp-settings.php'</font> )</td><td title='/Users/meow/Local Sites/wplr-sync/app/public/wp-config.php' bgcolor='#eeeeec'>.../wp-config.php<b>:</b>76</td></tr>
<tr><td bgcolor='#eeeeec' align='center'>6</td><td bgcolor='#eeeeec' align='center'>0.0368</td><td bgcolor='#eeeeec' align='right'>3271952</td><td bgcolor='#eeeeec'>do_action(  )</td><td title='/Users/meow/Local Sites/wplr-sync/app/public/wp-settings.php' bgcolor='#eeeeec'>.../wp-settings.php<b>:</b>557</td></tr>
<tr><td bgcolor='#eeeeec' align='center'>7</td><td bgcolor='#eeeeec' align='center'>0.0368</td><td bgcolor='#eeeeec' align='right'>3272328</td><td bgcolor='#eeeeec'>WP_Hook->do_action(  )</td><td title='/Users/meow/Local Sites/wplr-sync/app/public/wp-includes/plugin.php' bgcolor='#eeeeec'>.../plugin.php<b>:</b>484</td></tr>
<tr><td bgcolor='#eeeeec' align='center'>8</td><td bgcolor='#eeeeec' align='center'>0.0368</td><td bgcolor='#eeeeec' align='right'>3272328</td><td bgcolor='#eeeeec'>WP_Hook->apply_filters(  )</td><td title='/Users/meow/Local Sites/wplr-sync/app/public/wp-includes/class-wp-hook.php' bgcolor='#eeeeec'>.../class-wp-hook.php<b>:</b>311</td></tr>
<tr><td bgcolor='#eeeeec' align='center'>9</td><td bgcolor='#eeeeec' align='center'>0.0794</td><td bgcolor='#eeeeec' align='right'>4553448</td><td bgcolor='#eeeeec'>Meow_WPLR_Sync_API->handleRequest(  )</td><td title='/Users/meow/Local Sites/wplr-sync/app/public/wp-includes/class-wp-hook.php' bgcolor='#eeeeec'>.../class-wp-hook.php<b>:</b>285</td></tr>
<tr><td bgcolor='#eeeeec' align='center'>10</td><td bgcolor='#eeeeec' align='center'>0.0831</td><td bgcolor='#eeeeec' align='right'>4609688</td><td bgcolor='#eeeeec'>Meow_WPLR_Sync_API->sync_collection(  )</td><td title='/Users/meow/Documents/Coding/plugins/wplr-sync/wordpress/classes/api.php' bgcolor='#eeeeec'>.../api.php<b>:</b>61</td></tr>
<tr><td bgcolor='#eeeeec' align='center'>11</td><td bgcolor='#eeeeec' align='center'>0.0831</td><td bgcolor='#eeeeec' align='right'>4609688</td><td bgcolor='#eeeeec'>Meow_WPLR_Sync_Core->sync_collection(  )</td><td title='/Users/meow/Documents/Coding/plugins/wplr-sync/wordpress/classes/api.php' bgcolor='#eeeeec'>.../api.php<b>:</b>254</td></tr>
<tr><td bgcolor='#eeeeec' align='center'>12</td><td bgcolor='#eeeeec' align='center'>0.0836</td><td bgcolor='#eeeeec' align='right'>4610992</td><td bgcolor='#eeeeec'>Meow_WPLR_Sync_Core->move_collection(  )</td><td title='/Users/meow/Documents/Coding/plugins/wplr-sync/wordpress/classes/core.php' bgcolor='#eeeeec'>.../core.php<b>:</b>1431</td></tr>
</table></font>

2021-01-04 07:07:08: There was unwanted activity during the Photo Engine process (probably generated by another plugin). Request: /?wplr-sync-api. The output which was caught will follow.
<br />
<font size='1'><table class='xdebug-error xe-notice' dir='ltr' border='1' cellspacing='0' cellpadding='1'>
<tr><th align='left' bgcolor='#f57900' colspan="5"><span style='background-color: #cc0000; color: #fce94f; font-size: x-large;'>( ! )</span> Notice: Undefined property: stdClass::$type in /Users/meow/Documents/Coding/plugins/wplr-sync/wordpress/classes/core.php on line <i>1386</i></th></tr>
<tr><th align='left' bgcolor='#e9b96e' colspan='5'>Call Stack</th></tr>
<tr><th align='center' bgcolor='#eeeeec'>#</th><th align='left' bgcolor='#eeeeec'>Time</th><th align='left' bgcolor='#eeeeec'>Memory</th><th align='left' bgcolor='#eeeeec'>Function</th><th align='left' bgcolor='#eeeeec'>Location</th></tr>
<tr><td bgcolor='#eeeeec' align='center'>1</td><td bgcolor='#eeeeec' align='center'>0.0001</td><td bgcolor='#eeeeec' align='right'>406840</td><td bgcolor='#eeeeec'>{main}(  )</td><td title='/Users/meow/Local Sites/wplr-sync/app/public/index.php' bgcolor='#eeeeec'>.../index.php<b>:</b>0</td></tr>
<tr><td bgcolor='#eeeeec' align='center'>2</td><td bgcolor='#eeeeec' align='center'>0.0001</td><td bgcolor='#eeeeec' align='right'>407112</td><td bgcolor='#eeeeec'>require( <font color='#00bb00'>'/Users/meow/Local Sites/wplr-sync/app/public/wp-blog-header.php'</font> )</td><td title='/Users/meow/Local Sites/wplr-sync/app/public/index.php' bgcolor='#eeeeec'>.../index.php<b>:</b>17</td></tr>
<tr><td bgcolor='#eeeeec' align='center'>3</td><td bgcolor='#eeeeec' align='center'>0.0001</td><td bgcolor='#eeeeec' align='right'>407656</td><td bgcolor='#eeeeec'>require_once( <font color='#00bb00'>'/Users/meow/Local Sites/wplr-sync/app/public/wp-load.php'</font> )</td><td title='/Users/meow/Local Sites/wplr-sync/app/public/wp-blog-header.php' bgcolor='#eeeeec'>.../wp-blog-header.php<b>:</b>13</td></tr>
<tr><td bgcolor='#eeeeec' align='center'>4</td><td bgcolor='#eeeeec' align='center'>0.0001</td><td bgcolor='#eeeeec' align='right'>408096</td><td bgcolor='#eeeeec'>require_once( <font color='#00bb00'>'/Users/meow/Local Sites/wplr-sync/app/public/wp-config.php'</font> )</td><td title='/Users/meow/Local Sites/wplr-sync/app/public/wp-load.php' bgcolor='#eeeeec'>.../wp-load.php<b>:</b>37</td></tr>
<tr><td bgcolor='#eeeeec' align='center'>5</td><td bgcolor='#eeeeec' align='center'>0.0001</td><td bgcolor='#eeeeec' align='right'>412824</td><td bgcolor='#eeeeec'>require_once( <font color='#00bb00'>'/Users/meow/Local Sites/wplr-sync/app/public/wp-settings.php'</font> )</td><td title='/Users/meow/Local Sites/wplr-sync/app/public/wp-config.php' bgcolor='#eeeeec'>.../wp-config.php<b>:</b>76</td></tr>
<tr><td bgcolor='#eeeeec' align='center'>6</td><td bgcolor='#eeeeec' align='center'>0.0322</td><td bgcolor='#eeeeec' align='right'>3271840</td><td bgcolor='#eeeeec'>do_action(  )</td><td title='/Users/meow/Local Sites/wplr-sync/app/public/wp-settings.php' bgcolor='#eeeeec'>.../wp-settings.php<b>:</b>557</td></tr>
<tr><td bgcolor='#eeeeec' align='center'>7</td><td bgcolor='#eeeeec' align='center'>0.0322</td><td bgcolor='#eeeeec' align='right'>3272216</td><td bgcolor='#eeeeec'>WP_Hook->do_action(  )</td><td title='/Users/meow/Local Sites/wplr-sync/app/public/wp-includes/plugin.php' bgcolor='#eeeeec'>.../plugin.php<b>:</b>484</td></tr>
<tr><td bgcolor='#eeeeec' align='center'>8</td><td bgcolor='#eeeeec' align='center'>0.0322</td><td bgcolor='#eeeeec' align='right'>3272216</td><td bgcolor='#eeeeec'>WP_Hook->apply_filters(  )</td><td title='/Users/meow/Local Sites/wplr-sync/app/public/wp-includes/class-wp-hook.php' bgcolor='#eeeeec'>.../class-wp-hook.php<b>:</b>311</td></tr>
<tr><td bgcolor='#eeeeec' align='center'>9</td><td bgcolor='#eeeeec' align='center'>0.0668</td><td bgcolor='#eeeeec' align='right'>4536744</td><td bgcolor='#eeeeec'>Meow_WPLR_Sync_API->handleRequest(  )</td><td title='/Users/meow/Local Sites/wplr-sync/app/public/wp-includes/class-wp-hook.php' bgcolor='#eeeeec'>.../class-wp-hook.php<b>:</b>285</td></tr>
<tr><td bgcolor='#eeeeec' align='center'>10</td><td bgcolor='#eeeeec' align='center'>0.0703</td><td bgcolor='#eeeeec' align='right'>4592992</td><td bgcolor='#eeeeec'>Meow_WPLR_Sync_API->sync_collection(  )</td><td title='/Users/meow/Documents/Coding/plugins/wplr-sync/wordpress/classes/api.php' bgcolor='#eeeeec'>.../api.php<b>:</b>61</td></tr>
<tr><td bgcolor='#eeeeec' align='center'>11</td><td bgcolor='#eeeeec' align='center'>0.0703</td><td bgcolor='#eeeeec' align='right'>4592992</td><td bgcolor='#eeeeec'>Meow_WPLR_Sync_Core->sync_collection(  )</td><td title='/Users/meow/Documents/Coding/plugins/wplr-sync/wordpress/classes/api.php' bgcolor='#eeeeec'>.../api.php<b>:</b>254</td></tr>
<tr><td bgcolor='#eeeeec' align='center'>12</td><td bgcolor='#eeeeec' align='center'>0.0705</td><td bgcolor='#eeeeec' align='right'>4593744</td><td bgcolor='#eeeeec'>Meow_WPLR_Sync_Core->update_collection(  )</td><td title='/Users/meow/Documents/Coding/plugins/wplr-sync/wordpress/classes/core.php' bgcolor='#eeeeec'>.../core.php<b>:</b>1430</td></tr>
</table></font>

2023-09-08 08:33:55: There was unwanted activity during the Photo Engine process (probably generated by another plugin). Request: /?wplr-sync-api. The output which was caught will follow.
<br />
<b>Warning</b>:  Undefined property: stdClass::$type in <b>/Users/meow/Documents/Coding/plugins/photo-engine/classes/core.php</b> on line <b>1677</b><br />
<br />
<b>Warning</b>:  Undefined property: stdClass::$type in <b>/Users/meow/Documents/Coding/plugins/photo-engine/classes/core.php</b> on line <b>1677</b><br />

